Environment information:
System: Linux 4.18.0-305.65.1.el8_4.x86_64
Not using the poetry package
No git or repo found
Command line arguments: Namespace(checkpoint_interval=1, conf_thres=0.1, data='../config/detrac.data', epochs=2001, evaluation_interval=1, iou_thres=0.5, logdir='logs', model='../config/yolov3-tiny.cfg', multiscale_training=False, n_cpu=12, nms_thres=0.5, pretrained_weights=None, seed=1, verbose=False)
---- mAP 0.00145 ----
---- mAP 0.00963 ----
---- mAP 0.01852 ----
---- mAP 0.05361 ----
---- mAP 0.05418 ----
---- mAP 0.05277 ----
---- mAP 0.06532 ----
---- mAP 0.08410 ----
---- mAP 0.07003 ----
---- mAP 0.12655 ----
---- mAP 0.16827 ----
---- mAP 0.13931 ----
---- mAP 0.16030 ----
---- mAP 0.19131 ----
---- mAP 0.20812 ----
---- mAP 0.19852 ----
---- mAP 0.25071 ----
---- mAP 0.22531 ----
---- mAP 0.21832 ----
---- mAP 0.29847 ----
---- mAP 0.31908 ----
---- mAP 0.30944 ----
---- mAP 0.31711 ----
---- mAP 0.31498 ----
---- mAP 0.31831 ----
---- mAP 0.37117 ----
---- mAP 0.35120 ----
---- mAP 0.37483 ----
---- mAP 0.36632 ----
---- mAP 0.40163 ----
---- mAP 0.36265 ----
---- mAP 0.34635 ----
---- mAP 0.35425 ----
---- mAP 0.38528 ----
---- mAP 0.40356 ----
---- mAP 0.42015 ----
---- mAP 0.42530 ----
---- mAP 0.42112 ----
---- mAP 0.38786 ----
---- mAP 0.35512 ----
---- mAP 0.41528 ----
---- mAP 0.41265 ----
---- mAP 0.40939 ----
---- mAP 0.43037 ----
---- mAP 0.45681 ----
---- mAP 0.43749 ----
---- mAP 0.41213 ----
---- mAP 0.44961 ----
---- mAP 0.45027 ----
---- mAP 0.43381 ----
---- mAP 0.49073 ----
---- mAP 0.50433 ----
---- mAP 0.46069 ----
---- mAP 0.49371 ----
---- mAP 0.50109 ----
---- mAP 0.45438 ----
---- mAP 0.44601 ----
---- mAP 0.48231 ----
---- mAP 0.51101 ----
