Environment information:
System: Linux 4.18.0-305.65.1.el8_4.x86_64
Not using the poetry package
No git or repo found
Command line arguments: Namespace(checkpoint_interval=1, conf_thres=0.1, data='../config/detrac.data', epochs=2001, evaluation_interval=1, iou_thres=0.5, logdir='logs', model='../config/yolov3-tiny-prune.cfg', multiscale_training=False, n_cpu=12, nms_thres=0.5, pretrained_weights=None, seed=1, verbose=False)
---- mAP 0.00077 ----
---- mAP 0.00398 ----
---- mAP 0.01019 ----
---- mAP 0.01163 ----
---- mAP 0.00329 ----
---- mAP 0.00239 ----
---- mAP 0.00037 ----
---- mAP 0.00153 ----
---- mAP 0.00499 ----
---- mAP 0.00333 ----
---- mAP 0.00180 ----
---- mAP 0.01453 ----
---- mAP 0.01705 ----
---- mAP 0.04464 ----
---- mAP 0.01993 ----
---- mAP 0.02813 ----
---- mAP 0.03197 ----
---- mAP 0.03429 ----
---- mAP 0.04379 ----
---- mAP 0.04440 ----
---- mAP 0.05181 ----
---- mAP 0.04858 ----
---- mAP 0.06908 ----
---- mAP 0.07812 ----
---- mAP 0.08154 ----
---- mAP 0.07541 ----
---- mAP 0.08653 ----
---- mAP 0.10161 ----
---- mAP 0.10768 ----
---- mAP 0.09537 ----
---- mAP 0.14337 ----
---- mAP 0.14334 ----
---- mAP 0.13528 ----
---- mAP 0.12814 ----
---- mAP 0.15495 ----
---- mAP 0.16495 ----
---- mAP 0.15566 ----
---- mAP 0.20789 ----
---- mAP 0.18735 ----
---- mAP 0.20526 ----
---- mAP 0.25013 ----
---- mAP 0.23788 ----
---- mAP 0.20474 ----
---- mAP 0.24620 ----
---- mAP 0.23147 ----
---- mAP 0.26841 ----
---- mAP 0.22001 ----
---- mAP 0.28291 ----
---- mAP 0.27867 ----
---- mAP 0.31122 ----
---- mAP 0.25060 ----
---- mAP 0.28986 ----
---- mAP 0.29707 ----
---- mAP 0.30542 ----
---- mAP 0.33584 ----
---- mAP 0.32585 ----
---- mAP 0.34183 ----
---- mAP 0.32631 ----
---- mAP 0.31540 ----
---- mAP 0.31348 ----
---- mAP 0.31755 ----
---- mAP 0.30765 ----
---- mAP 0.35085 ----
---- mAP 0.32240 ----
---- mAP 0.34340 ----
---- mAP 0.36045 ----
---- mAP 0.36708 ----
---- mAP 0.34647 ----
---- mAP 0.36546 ----
---- mAP 0.32825 ----
---- mAP 0.30951 ----
---- mAP 0.34614 ----
---- mAP 0.37086 ----
---- mAP 0.36383 ----
---- mAP 0.37975 ----
---- mAP 0.36641 ----
---- mAP 0.39222 ----
---- mAP 0.37476 ----
---- mAP 0.38374 ----
---- mAP 0.38466 ----
---- mAP 0.40402 ----
---- mAP 0.38397 ----
---- mAP 0.38465 ----
---- mAP 0.40160 ----
---- mAP 0.38504 ----
---- mAP 0.39642 ----
---- mAP 0.39757 ----
---- mAP 0.42551 ----
---- mAP 0.41498 ----
---- mAP 0.41136 ----
---- mAP 0.40456 ----
---- mAP 0.40253 ----
---- mAP 0.39780 ----
---- mAP 0.42740 ----
---- mAP 0.40220 ----
---- mAP 0.41309 ----
---- mAP 0.41667 ----
---- mAP 0.43045 ----
---- mAP 0.38127 ----
---- mAP 0.41301 ----
---- mAP 0.40175 ----
---- mAP 0.42153 ----
---- mAP 0.41230 ----
---- mAP 0.42962 ----
---- mAP 0.41645 ----
---- mAP 0.40657 ----
---- mAP 0.43163 ----
---- mAP 0.42374 ----
---- mAP 0.43506 ----
---- mAP 0.45245 ----
---- mAP 0.44201 ----
---- mAP 0.41029 ----
---- mAP 0.42024 ----
---- mAP 0.45299 ----
---- mAP 0.46286 ----
---- mAP 0.44448 ----
---- mAP 0.42858 ----
---- mAP 0.42565 ----
---- mAP 0.46437 ----
---- mAP 0.42304 ----
---- mAP 0.46215 ----
---- mAP 0.44751 ----
---- mAP 0.44208 ----
---- mAP 0.44995 ----
---- mAP 0.45995 ----
---- mAP 0.45965 ----
---- mAP 0.43055 ----
---- mAP 0.46055 ----
---- mAP 0.44572 ----
---- mAP 0.45553 ----
---- mAP 0.46757 ----
---- mAP 0.43785 ----
---- mAP 0.49424 ----
---- mAP 0.44823 ----
---- mAP 0.46248 ----
---- mAP 0.48427 ----
---- mAP 0.45794 ----
---- mAP 0.46177 ----
---- mAP 0.46620 ----
---- mAP 0.45790 ----
---- mAP 0.47582 ----
---- mAP 0.48337 ----
---- mAP 0.47543 ----
---- mAP 0.46952 ----
---- mAP 0.53475 ----
---- mAP 0.50921 ----
---- mAP 0.51603 ----
---- mAP 0.47447 ----
---- mAP 0.47714 ----
---- mAP 0.51134 ----
---- mAP 0.53460 ----
---- mAP 0.48474 ----
---- mAP 0.48884 ----
---- mAP 0.47692 ----
---- mAP 0.52265 ----
---- mAP 0.50714 ----
---- mAP 0.47379 ----
---- mAP 0.48458 ----
---- mAP 0.48245 ----
---- mAP 0.47589 ----
---- mAP 0.47679 ----
---- mAP 0.49219 ----
---- mAP 0.52277 ----
---- mAP 0.49308 ----
---- mAP 0.47963 ----
---- mAP 0.52551 ----
---- mAP 0.53779 ----
---- mAP 0.52064 ----
---- mAP 0.49204 ----
---- mAP 0.53670 ----
---- mAP 0.51744 ----
---- mAP 0.54746 ----
---- mAP 0.48839 ----
---- mAP 0.52449 ----
---- mAP 0.49677 ----
---- mAP 0.51848 ----
---- mAP 0.52425 ----
---- mAP 0.53806 ----
---- mAP 0.50952 ----
---- mAP 0.55214 ----
---- mAP 0.58511 ----
---- mAP 0.53448 ----
---- mAP 0.53969 ----
---- mAP 0.50032 ----
---- mAP 0.53337 ----
---- mAP 0.58689 ----
---- mAP 0.54802 ----
---- mAP 0.58109 ----
---- mAP 0.48693 ----
---- mAP 0.47804 ----
---- mAP 0.52338 ----
---- mAP 0.55410 ----
---- mAP 0.53815 ----
---- mAP 0.49325 ----
---- mAP 0.54071 ----
---- mAP 0.59209 ----
---- mAP 0.55061 ----
---- mAP 0.53467 ----
---- mAP 0.53759 ----
---- mAP 0.53680 ----
---- mAP 0.54366 ----
---- mAP 0.53590 ----
---- mAP 0.55315 ----
---- mAP 0.53765 ----
---- mAP 0.56498 ----
---- mAP 0.54329 ----
---- mAP 0.56526 ----
---- mAP 0.52867 ----
---- mAP 0.57966 ----
---- mAP 0.57579 ----
---- mAP 0.54574 ----
---- mAP 0.53248 ----
---- mAP 0.55357 ----
---- mAP 0.54179 ----
---- mAP 0.54110 ----
---- mAP 0.55323 ----
---- mAP 0.57719 ----
---- mAP 0.51670 ----
---- mAP 0.56825 ----
---- mAP 0.57102 ----
---- mAP 0.53922 ----
---- mAP 0.52903 ----
---- mAP 0.58105 ----
---- mAP 0.56144 ----
---- mAP 0.55340 ----
---- mAP 0.56557 ----
---- mAP 0.53368 ----
---- mAP 0.61126 ----
---- mAP 0.61297 ----
---- mAP 0.63137 ----
---- mAP 0.59343 ----
---- mAP 0.58276 ----
---- mAP 0.63403 ----
---- mAP 0.58322 ----
---- mAP 0.61114 ----
---- mAP 0.58905 ----
---- mAP 0.59979 ----
---- mAP 0.60854 ----
---- mAP 0.60959 ----
---- mAP 0.53813 ----
---- mAP 0.61806 ----
---- mAP 0.58157 ----
---- mAP 0.60926 ----
---- mAP 0.61021 ----
---- mAP 0.58007 ----
---- mAP 0.55982 ----
---- mAP 0.57685 ----
---- mAP 0.52710 ----
---- mAP 0.66837 ----
---- mAP 0.54380 ----
---- mAP 0.59453 ----
---- mAP 0.55612 ----
---- mAP 0.59773 ----
---- mAP 0.60589 ----
---- mAP 0.61100 ----
---- mAP 0.55364 ----
---- mAP 0.58986 ----
---- mAP 0.60746 ----
---- mAP 0.59097 ----
---- mAP 0.61665 ----
---- mAP 0.56544 ----
---- mAP 0.63313 ----
---- mAP 0.60748 ----
---- mAP 0.60581 ----
---- mAP 0.63712 ----
---- mAP 0.55371 ----
---- mAP 0.62325 ----
---- mAP 0.62535 ----
---- mAP 0.60761 ----
---- mAP 0.64835 ----
---- mAP 0.61759 ----
---- mAP 0.61421 ----
---- mAP 0.68102 ----
---- mAP 0.59677 ----
---- mAP 0.61228 ----
---- mAP 0.61516 ----
---- mAP 0.63910 ----
---- mAP 0.68648 ----
---- mAP 0.56313 ----
---- mAP 0.63176 ----
---- mAP 0.64383 ----
---- mAP 0.65298 ----
---- mAP 0.62171 ----
---- mAP 0.56141 ----
---- mAP 0.67789 ----
---- mAP 0.62519 ----
---- mAP 0.64931 ----
---- mAP 0.55443 ----
---- mAP 0.66616 ----
---- mAP 0.60981 ----
---- mAP 0.64507 ----
---- mAP 0.58396 ----
---- mAP 0.64765 ----
---- mAP 0.56900 ----
---- mAP 0.61293 ----
---- mAP 0.64055 ----
---- mAP 0.58070 ----
---- mAP 0.59446 ----
---- mAP 0.59109 ----
---- mAP 0.63692 ----
---- mAP 0.65840 ----
---- mAP 0.62786 ----
---- mAP 0.60790 ----
---- mAP 0.64075 ----
---- mAP 0.61183 ----
---- mAP 0.67328 ----
---- mAP 0.69562 ----
---- mAP 0.62647 ----
---- mAP 0.68249 ----
---- mAP 0.62021 ----
---- mAP 0.62768 ----
---- mAP 0.66413 ----
---- mAP 0.55013 ----
---- mAP 0.63231 ----
---- mAP 0.60183 ----
---- mAP 0.59364 ----
---- mAP 0.67116 ----
---- mAP 0.65130 ----
---- mAP 0.66256 ----
---- mAP 0.67023 ----
---- mAP 0.65656 ----
---- mAP 0.61061 ----
---- mAP 0.62069 ----
---- mAP 0.65583 ----
---- mAP 0.58620 ----
---- mAP 0.66219 ----
---- mAP 0.63150 ----
---- mAP 0.55377 ----
---- mAP 0.64809 ----
---- mAP 0.66424 ----
---- mAP 0.62116 ----
---- mAP 0.62747 ----
---- mAP 0.65849 ----
---- mAP 0.66821 ----
---- mAP 0.69866 ----
---- mAP 0.62987 ----
---- mAP 0.61885 ----
---- mAP 0.63469 ----
---- mAP 0.66245 ----
---- mAP 0.65979 ----
---- mAP 0.62926 ----
---- mAP 0.65719 ----
---- mAP 0.62494 ----
---- mAP 0.63241 ----
---- mAP 0.62087 ----
---- mAP 0.65991 ----
---- mAP 0.66520 ----
---- mAP 0.63834 ----
---- mAP 0.60923 ----
---- mAP 0.68010 ----
---- mAP 0.65557 ----
---- mAP 0.72116 ----
---- mAP 0.66678 ----
---- mAP 0.64128 ----
---- mAP 0.68807 ----
---- mAP 0.68215 ----
---- mAP 0.69916 ----
---- mAP 0.69061 ----
---- mAP 0.64842 ----
---- mAP 0.63615 ----
---- mAP 0.61460 ----
---- mAP 0.69733 ----
---- mAP 0.68694 ----
---- mAP 0.65927 ----
---- mAP 0.66749 ----
---- mAP 0.62572 ----
---- mAP 0.68679 ----
---- mAP 0.63618 ----
---- mAP 0.63669 ----
---- mAP 0.67263 ----
---- mAP 0.69041 ----
---- mAP 0.66249 ----
---- mAP 0.69732 ----
---- mAP 0.59358 ----
---- mAP 0.69066 ----
---- mAP 0.67411 ----
---- mAP 0.70193 ----
---- mAP 0.70302 ----
---- mAP 0.71744 ----
---- mAP 0.66492 ----
---- mAP 0.66345 ----
---- mAP 0.70409 ----
---- mAP 0.69476 ----
---- mAP 0.62765 ----
---- mAP 0.68790 ----
---- mAP 0.62132 ----
---- mAP 0.64298 ----
---- mAP 0.68545 ----
---- mAP 0.66382 ----
---- mAP 0.66923 ----
---- mAP 0.67271 ----
---- mAP 0.69583 ----
---- mAP 0.72495 ----
---- mAP 0.71224 ----
---- mAP 0.69399 ----
---- mAP 0.68858 ----
---- mAP 0.66477 ----
---- mAP 0.66487 ----
---- mAP 0.67625 ----
---- mAP 0.68544 ----
---- mAP 0.68600 ----
---- mAP 0.69299 ----
---- mAP 0.72231 ----
---- mAP 0.72493 ----
---- mAP 0.71171 ----
---- mAP 0.68892 ----
---- mAP 0.70815 ----
---- mAP 0.66687 ----
---- mAP 0.69687 ----
---- mAP 0.70990 ----
---- mAP 0.67891 ----
---- mAP 0.70117 ----
---- mAP 0.68537 ----
---- mAP 0.67739 ----
---- mAP 0.68122 ----
---- mAP 0.68213 ----
---- mAP 0.66380 ----
---- mAP 0.67998 ----
---- mAP 0.68776 ----
---- mAP 0.68018 ----
---- mAP 0.64535 ----
---- mAP 0.67013 ----
---- mAP 0.59685 ----
---- mAP 0.70073 ----
---- mAP 0.67269 ----
---- mAP 0.68178 ----
---- mAP 0.67792 ----
---- mAP 0.64779 ----
---- mAP 0.69976 ----
---- mAP 0.69718 ----
---- mAP 0.68956 ----
---- mAP 0.68953 ----
---- mAP 0.68447 ----
---- mAP 0.67729 ----
---- mAP 0.68523 ----
---- mAP 0.69511 ----
---- mAP 0.68846 ----
---- mAP 0.67712 ----
---- mAP 0.66909 ----
---- mAP 0.66508 ----
---- mAP 0.68797 ----
---- mAP 0.70915 ----
---- mAP 0.71280 ----
---- mAP 0.63830 ----
---- mAP 0.64978 ----
---- mAP 0.67275 ----
---- mAP 0.60208 ----
---- mAP 0.67168 ----
---- mAP 0.68364 ----
---- mAP 0.68787 ----
---- mAP 0.69465 ----
---- mAP 0.65057 ----
---- mAP 0.63924 ----
---- mAP 0.67036 ----
---- mAP 0.65747 ----
---- mAP 0.66644 ----
---- mAP 0.65434 ----
---- mAP 0.69251 ----
---- mAP 0.69617 ----
---- mAP 0.69872 ----
---- mAP 0.63199 ----
---- mAP 0.66498 ----
---- mAP 0.66684 ----
---- mAP 0.68970 ----
---- mAP 0.69005 ----
---- mAP 0.63041 ----
---- mAP 0.66987 ----
---- mAP 0.68427 ----
---- mAP 0.70460 ----
---- mAP 0.70685 ----
---- mAP 0.67931 ----
---- mAP 0.68572 ----
---- mAP 0.68601 ----
---- mAP 0.66966 ----
---- mAP 0.67794 ----
---- mAP 0.68469 ----
---- mAP 0.69019 ----
---- mAP 0.69022 ----
---- mAP 0.69023 ----
---- mAP 0.68268 ----
---- mAP 0.67059 ----
---- mAP 0.70274 ----
---- mAP 0.62002 ----
---- mAP 0.69877 ----
---- mAP 0.66630 ----
---- mAP 0.68594 ----
---- mAP 0.69735 ----
---- mAP 0.68646 ----
---- mAP 0.65896 ----
---- mAP 0.71034 ----
---- mAP 0.71535 ----
---- mAP 0.69286 ----
---- mAP 0.73886 ----
---- mAP 0.69437 ----
---- mAP 0.66462 ----
---- mAP 0.69456 ----
---- mAP 0.71377 ----
---- mAP 0.61479 ----
---- mAP 0.67872 ----
---- mAP 0.66261 ----
---- mAP 0.68979 ----
---- mAP 0.66773 ----
---- mAP 0.68929 ----
---- mAP 0.68964 ----
---- mAP 0.70391 ----
---- mAP 0.68417 ----
---- mAP 0.70180 ----
---- mAP 0.62589 ----
---- mAP 0.68947 ----
---- mAP 0.70397 ----
---- mAP 0.73207 ----
---- mAP 0.70562 ----
---- mAP 0.72395 ----
---- mAP 0.68639 ----
---- mAP 0.71209 ----
---- mAP 0.70903 ----
---- mAP 0.64803 ----
---- mAP 0.72695 ----
---- mAP 0.70601 ----
---- mAP 0.67300 ----
---- mAP 0.72302 ----
---- mAP 0.72464 ----
---- mAP 0.69096 ----
---- mAP 0.68160 ----
---- mAP 0.68631 ----
---- mAP 0.73533 ----
---- mAP 0.71557 ----
---- mAP 0.70188 ----
---- mAP 0.68129 ----
---- mAP 0.62308 ----
---- mAP 0.71496 ----
---- mAP 0.69872 ----
---- mAP 0.69927 ----
---- mAP 0.71069 ----
---- mAP 0.66589 ----
---- mAP 0.74816 ----
---- mAP 0.67459 ----
---- mAP 0.63335 ----
---- mAP 0.62596 ----
---- mAP 0.65359 ----
---- mAP 0.63729 ----
---- mAP 0.67152 ----
---- mAP 0.63582 ----
---- mAP 0.67259 ----
---- mAP 0.69712 ----
---- mAP 0.69001 ----
---- mAP 0.70925 ----
---- mAP 0.72360 ----
---- mAP 0.72033 ----
---- mAP 0.65990 ----
---- mAP 0.67157 ----
---- mAP 0.71431 ----
---- mAP 0.70494 ----
---- mAP 0.69126 ----
---- mAP 0.70690 ----
---- mAP 0.74160 ----
---- mAP 0.67257 ----
---- mAP 0.66809 ----
---- mAP 0.70027 ----
---- mAP 0.69546 ----
---- mAP 0.74279 ----
---- mAP 0.74172 ----
---- mAP 0.71801 ----
---- mAP 0.75129 ----
---- mAP 0.68735 ----
---- mAP 0.74379 ----
---- mAP 0.69499 ----
---- mAP 0.72244 ----
---- mAP 0.70261 ----
---- mAP 0.74104 ----
---- mAP 0.67303 ----
---- mAP 0.69270 ----
---- mAP 0.72822 ----
---- mAP 0.74114 ----
---- mAP 0.74591 ----
---- mAP 0.70021 ----
---- mAP 0.71640 ----
---- mAP 0.67848 ----
---- mAP 0.71545 ----
---- mAP 0.70149 ----
---- mAP 0.72078 ----
---- mAP 0.72020 ----
---- mAP 0.69815 ----
---- mAP 0.73068 ----
---- mAP 0.67106 ----
---- mAP 0.70300 ----
---- mAP 0.68473 ----
---- mAP 0.66558 ----
---- mAP 0.71568 ----
---- mAP 0.68804 ----
---- mAP 0.71544 ----
---- mAP 0.70817 ----
---- mAP 0.71234 ----
---- mAP 0.66589 ----
---- mAP 0.69733 ----
---- mAP 0.69939 ----
---- mAP 0.70047 ----
---- mAP 0.71118 ----
---- mAP 0.69207 ----
---- mAP 0.68840 ----
---- mAP 0.68385 ----
---- mAP 0.70258 ----
---- mAP 0.72165 ----
---- mAP 0.69885 ----
---- mAP 0.70438 ----
---- mAP 0.70412 ----
---- mAP 0.68829 ----
---- mAP 0.70128 ----
---- mAP 0.71425 ----
---- mAP 0.68512 ----
---- mAP 0.69918 ----
---- mAP 0.71338 ----
---- mAP 0.69928 ----
---- mAP 0.70688 ----
---- mAP 0.71267 ----
---- mAP 0.72251 ----
---- mAP 0.70386 ----
---- mAP 0.71636 ----
---- mAP 0.71204 ----
---- mAP 0.70837 ----
---- mAP 0.70612 ----
---- mAP 0.71385 ----
---- mAP 0.66157 ----
---- mAP 0.68490 ----
---- mAP 0.71386 ----
---- mAP 0.67368 ----
---- mAP 0.70821 ----
---- mAP 0.70433 ----
---- mAP 0.67062 ----
---- mAP 0.71557 ----
---- mAP 0.69369 ----
---- mAP 0.70277 ----
---- mAP 0.70847 ----
---- mAP 0.74236 ----
---- mAP 0.69281 ----
---- mAP 0.71900 ----
---- mAP 0.70139 ----
---- mAP 0.70030 ----
---- mAP 0.71659 ----
---- mAP 0.72259 ----
---- mAP 0.69516 ----
---- mAP 0.69979 ----
---- mAP 0.72858 ----
---- mAP 0.69972 ----
---- mAP 0.70362 ----
---- mAP 0.67937 ----
---- mAP 0.69572 ----
---- mAP 0.68836 ----
---- mAP 0.71078 ----
---- mAP 0.76698 ----
---- mAP 0.72067 ----
---- mAP 0.69309 ----
---- mAP 0.69347 ----
---- mAP 0.69920 ----
---- mAP 0.70024 ----
---- mAP 0.65702 ----
---- mAP 0.70902 ----
---- mAP 0.70337 ----
---- mAP 0.66265 ----
---- mAP 0.70787 ----
---- mAP 0.66829 ----
---- mAP 0.64906 ----
---- mAP 0.67052 ----
---- mAP 0.63539 ----
---- mAP 0.69306 ----
---- mAP 0.64733 ----
---- mAP 0.67221 ----
---- mAP 0.67177 ----
---- mAP 0.62121 ----
---- mAP 0.67608 ----
---- mAP 0.66541 ----
---- mAP 0.63741 ----
---- mAP 0.62498 ----
---- mAP 0.67960 ----
---- mAP 0.68864 ----
---- mAP 0.70016 ----
---- mAP 0.70527 ----
---- mAP 0.66638 ----
---- mAP 0.67756 ----
---- mAP 0.68816 ----
---- mAP 0.66732 ----
---- mAP 0.70234 ----
---- mAP 0.71191 ----
---- mAP 0.71300 ----
---- mAP 0.69273 ----
---- mAP 0.70413 ----
---- mAP 0.71512 ----
---- mAP 0.72015 ----
---- mAP 0.68839 ----
---- mAP 0.70164 ----
---- mAP 0.70870 ----
---- mAP 0.73804 ----
---- mAP 0.71156 ----
---- mAP 0.70256 ----
---- mAP 0.70874 ----
---- mAP 0.69836 ----
---- mAP 0.71050 ----
---- mAP 0.72012 ----
---- mAP 0.72559 ----
---- mAP 0.71394 ----
---- mAP 0.70172 ----
---- mAP 0.71107 ----
---- mAP 0.75051 ----
---- mAP 0.71111 ----
---- mAP 0.70757 ----
---- mAP 0.72884 ----
---- mAP 0.71904 ----
---- mAP 0.73307 ----
---- mAP 0.71275 ----
---- mAP 0.72784 ----
---- mAP 0.70791 ----
---- mAP 0.71805 ----
---- mAP 0.69833 ----
---- mAP 0.70336 ----
---- mAP 0.69522 ----
---- mAP 0.66034 ----
---- mAP 0.72398 ----
---- mAP 0.70800 ----
---- mAP 0.72073 ----
---- mAP 0.71901 ----
---- mAP 0.71515 ----
---- mAP 0.69107 ----
---- mAP 0.70876 ----
---- mAP 0.72013 ----
---- mAP 0.74501 ----
---- mAP 0.70515 ----
---- mAP 0.69246 ----
---- mAP 0.70858 ----
---- mAP 0.71145 ----
---- mAP 0.71434 ----
---- mAP 0.72608 ----
---- mAP 0.71367 ----
---- mAP 0.69581 ----
---- mAP 0.73542 ----
---- mAP 0.64820 ----
---- mAP 0.70241 ----
---- mAP 0.68430 ----
---- mAP 0.71639 ----
---- mAP 0.71081 ----
---- mAP 0.72305 ----
---- mAP 0.69675 ----
---- mAP 0.71271 ----
---- mAP 0.72269 ----
---- mAP 0.69088 ----
---- mAP 0.70376 ----
---- mAP 0.69124 ----
---- mAP 0.71268 ----
---- mAP 0.74296 ----
---- mAP 0.74478 ----
---- mAP 0.72910 ----
---- mAP 0.71133 ----
---- mAP 0.71723 ----
---- mAP 0.66319 ----
---- mAP 0.70725 ----
---- mAP 0.71931 ----
---- mAP 0.71879 ----
---- mAP 0.71803 ----
---- mAP 0.71284 ----
---- mAP 0.71120 ----
---- mAP 0.75326 ----
---- mAP 0.76354 ----
---- mAP 0.70077 ----
---- mAP 0.73193 ----
---- mAP 0.72109 ----
---- mAP 0.75626 ----
---- mAP 0.71747 ----
---- mAP 0.74507 ----
---- mAP 0.71491 ----
---- mAP 0.70325 ----
---- mAP 0.75230 ----
---- mAP 0.70063 ----
---- mAP 0.70279 ----
---- mAP 0.69451 ----
---- mAP 0.75910 ----
---- mAP 0.74996 ----
---- mAP 0.71293 ----
---- mAP 0.72754 ----
---- mAP 0.74768 ----
---- mAP 0.69449 ----
---- mAP 0.71735 ----
---- mAP 0.73261 ----
---- mAP 0.71739 ----
---- mAP 0.73161 ----
---- mAP 0.70688 ----
---- mAP 0.71049 ----
---- mAP 0.71470 ----
---- mAP 0.74285 ----
---- mAP 0.74161 ----
---- mAP 0.73195 ----
---- mAP 0.71192 ----
---- mAP 0.71284 ----
---- mAP 0.72631 ----
---- mAP 0.72844 ----
---- mAP 0.71449 ----
---- mAP 0.69114 ----
---- mAP 0.71661 ----
---- mAP 0.76030 ----
---- mAP 0.74289 ----
---- mAP 0.70917 ----
---- mAP 0.72819 ----
---- mAP 0.74169 ----
---- mAP 0.71366 ----
---- mAP 0.72497 ----
---- mAP 0.71269 ----
---- mAP 0.71905 ----
---- mAP 0.70468 ----
---- mAP 0.64883 ----
---- mAP 0.74934 ----
---- mAP 0.68072 ----
---- mAP 0.71547 ----
---- mAP 0.70816 ----
---- mAP 0.69170 ----
---- mAP 0.69528 ----
---- mAP 0.71826 ----
---- mAP 0.70807 ----
---- mAP 0.76759 ----
---- mAP 0.74445 ----
---- mAP 0.71389 ----
---- mAP 0.70121 ----
---- mAP 0.73848 ----
---- mAP 0.71869 ----
---- mAP 0.71155 ----
---- mAP 0.75375 ----
---- mAP 0.74849 ----
---- mAP 0.78829 ----
---- mAP 0.68857 ----
---- mAP 0.73951 ----
---- mAP 0.71052 ----
---- mAP 0.72499 ----
---- mAP 0.70580 ----
---- mAP 0.72050 ----
---- mAP 0.71984 ----
---- mAP 0.71073 ----
---- mAP 0.73088 ----
---- mAP 0.71123 ----
---- mAP 0.73572 ----
---- mAP 0.73848 ----
---- mAP 0.69692 ----
---- mAP 0.76686 ----
---- mAP 0.73837 ----
---- mAP 0.70097 ----
---- mAP 0.74843 ----
---- mAP 0.65973 ----
---- mAP 0.70151 ----
---- mAP 0.68876 ----
---- mAP 0.66883 ----
---- mAP 0.69419 ----
---- mAP 0.74463 ----
---- mAP 0.73174 ----
---- mAP 0.69006 ----
---- mAP 0.68795 ----
---- mAP 0.69695 ----
---- mAP 0.71226 ----
---- mAP 0.70141 ----
---- mAP 0.69631 ----
---- mAP 0.76339 ----
---- mAP 0.68175 ----
---- mAP 0.70925 ----
---- mAP 0.75007 ----
---- mAP 0.74831 ----
---- mAP 0.68878 ----
---- mAP 0.73894 ----
---- mAP 0.70989 ----
---- mAP 0.72470 ----
---- mAP 0.75721 ----
---- mAP 0.69931 ----
---- mAP 0.70439 ----
---- mAP 0.76025 ----
---- mAP 0.73411 ----
---- mAP 0.70066 ----
---- mAP 0.67013 ----
---- mAP 0.72851 ----
---- mAP 0.74127 ----
---- mAP 0.79543 ----
---- mAP 0.73436 ----
---- mAP 0.74505 ----
---- mAP 0.75728 ----
---- mAP 0.73543 ----
---- mAP 0.71674 ----
---- mAP 0.75223 ----
---- mAP 0.74411 ----
---- mAP 0.74564 ----
---- mAP 0.74767 ----
---- mAP 0.78885 ----
---- mAP 0.73378 ----
---- mAP 0.75043 ----
---- mAP 0.75457 ----
---- mAP 0.75599 ----
---- mAP 0.75570 ----
---- mAP 0.78905 ----
---- mAP 0.74142 ----
---- mAP 0.71311 ----
---- mAP 0.77676 ----
---- mAP 0.68807 ----
---- mAP 0.69022 ----
---- mAP 0.65990 ----
---- mAP 0.71161 ----
---- mAP 0.72292 ----
---- mAP 0.76815 ----
---- mAP 0.76561 ----
---- mAP 0.72056 ----
---- mAP 0.72309 ----
---- mAP 0.74947 ----
---- mAP 0.74722 ----
---- mAP 0.73559 ----
---- mAP 0.72609 ----
---- mAP 0.70458 ----
---- mAP 0.64191 ----
---- mAP 0.70576 ----
---- mAP 0.76353 ----
---- mAP 0.74505 ----
---- mAP 0.68021 ----
---- mAP 0.69790 ----
---- mAP 0.63654 ----
---- mAP 0.71230 ----
---- mAP 0.70899 ----
---- mAP 0.72980 ----
---- mAP 0.75560 ----
---- mAP 0.76674 ----
---- mAP 0.62721 ----
---- mAP 0.61681 ----
---- mAP 0.70254 ----
---- mAP 0.70252 ----
---- mAP 0.72404 ----
---- mAP 0.66745 ----
---- mAP 0.74587 ----
---- mAP 0.72999 ----
---- mAP 0.67782 ----
---- mAP 0.78130 ----
---- mAP 0.67220 ----
---- mAP 0.68371 ----
---- mAP 0.67516 ----
---- mAP 0.75713 ----
---- mAP 0.70431 ----
---- mAP 0.70997 ----
---- mAP 0.71331 ----
---- mAP 0.69840 ----
---- mAP 0.71429 ----
---- mAP 0.69437 ----
---- mAP 0.70519 ----
---- mAP 0.77078 ----
---- mAP 0.72341 ----
---- mAP 0.73238 ----
---- mAP 0.69325 ----
---- mAP 0.71137 ----
---- mAP 0.72703 ----
---- mAP 0.72530 ----
---- mAP 0.72689 ----
---- mAP 0.73219 ----
---- mAP 0.67536 ----
---- mAP 0.73092 ----
---- mAP 0.72203 ----
---- mAP 0.71451 ----
---- mAP 0.74147 ----
---- mAP 0.74314 ----
---- mAP 0.66366 ----
---- mAP 0.72562 ----
---- mAP 0.73634 ----
---- mAP 0.71178 ----
---- mAP 0.75142 ----
---- mAP 0.70984 ----
---- mAP 0.71223 ----
---- mAP 0.74911 ----
---- mAP 0.72337 ----
---- mAP 0.72014 ----
---- mAP 0.72107 ----
---- mAP 0.72230 ----
---- mAP 0.72502 ----
---- mAP 0.74765 ----
---- mAP 0.71086 ----
---- mAP 0.71985 ----
---- mAP 0.73904 ----
---- mAP 0.70943 ----
---- mAP 0.72794 ----
---- mAP 0.72205 ----
---- mAP 0.72073 ----
---- mAP 0.76442 ----
---- mAP 0.74134 ----
---- mAP 0.67983 ----
---- mAP 0.73066 ----
---- mAP 0.71838 ----
---- mAP 0.71019 ----
---- mAP 0.73283 ----
---- mAP 0.70179 ----
---- mAP 0.72300 ----
---- mAP 0.73486 ----
---- mAP 0.72009 ----
---- mAP 0.68415 ----
---- mAP 0.71621 ----
---- mAP 0.72167 ----
---- mAP 0.72891 ----
---- mAP 0.72034 ----
---- mAP 0.73113 ----
---- mAP 0.68761 ----
---- mAP 0.74289 ----
---- mAP 0.68518 ----
---- mAP 0.74901 ----
---- mAP 0.72442 ----
---- mAP 0.68780 ----
---- mAP 0.66307 ----
---- mAP 0.72475 ----
---- mAP 0.75363 ----
---- mAP 0.73982 ----
---- mAP 0.74498 ----
---- mAP 0.72340 ----
---- mAP 0.70648 ----
---- mAP 0.73799 ----
---- mAP 0.75028 ----
---- mAP 0.69163 ----
---- mAP 0.71306 ----
---- mAP 0.72874 ----
---- mAP 0.68531 ----
---- mAP 0.69179 ----
---- mAP 0.69063 ----
---- mAP 0.77354 ----
---- mAP 0.73485 ----
---- mAP 0.73558 ----
---- mAP 0.74671 ----
---- mAP 0.75469 ----
---- mAP 0.75391 ----
---- mAP 0.74346 ----
---- mAP 0.74374 ----
---- mAP 0.75741 ----
---- mAP 0.73867 ----
---- mAP 0.74563 ----
---- mAP 0.71525 ----
---- mAP 0.75300 ----
---- mAP 0.72314 ----
---- mAP 0.74862 ----
---- mAP 0.75544 ----
---- mAP 0.72056 ----
---- mAP 0.71628 ----
---- mAP 0.74168 ----
---- mAP 0.71800 ----
---- mAP 0.73945 ----
---- mAP 0.71419 ----
---- mAP 0.72155 ----
---- mAP 0.75352 ----
---- mAP 0.77961 ----
---- mAP 0.72011 ----
---- mAP 0.72105 ----
---- mAP 0.71929 ----
---- mAP 0.77280 ----
---- mAP 0.72058 ----
---- mAP 0.72595 ----
---- mAP 0.75092 ----
---- mAP 0.76962 ----
---- mAP 0.78473 ----
---- mAP 0.76834 ----
---- mAP 0.74667 ----
---- mAP 0.73029 ----
---- mAP 0.77880 ----
---- mAP 0.79189 ----
---- mAP 0.74725 ----
---- mAP 0.77945 ----
---- mAP 0.75019 ----
---- mAP 0.76832 ----
---- mAP 0.68896 ----
---- mAP 0.71789 ----
---- mAP 0.71724 ----
---- mAP 0.73272 ----
---- mAP 0.69210 ----
---- mAP 0.72868 ----
---- mAP 0.75917 ----
---- mAP 0.70779 ----
---- mAP 0.65936 ----
---- mAP 0.63471 ----
---- mAP 0.72649 ----
---- mAP 0.65868 ----
---- mAP 0.62135 ----
---- mAP 0.67975 ----
---- mAP 0.64668 ----
---- mAP 0.68220 ----
---- mAP 0.71505 ----
---- mAP 0.72745 ----
---- mAP 0.74228 ----
---- mAP 0.68493 ----
---- mAP 0.71682 ----
---- mAP 0.72915 ----
---- mAP 0.74077 ----
---- mAP 0.71526 ----
---- mAP 0.71412 ----
---- mAP 0.71094 ----
---- mAP 0.68611 ----
---- mAP 0.72721 ----
---- mAP 0.71422 ----
---- mAP 0.72209 ----
---- mAP 0.68537 ----
---- mAP 0.72056 ----
---- mAP 0.66344 ----
---- mAP 0.77676 ----
---- mAP 0.70816 ----
---- mAP 0.73879 ----
---- mAP 0.76087 ----
---- mAP 0.72160 ----
---- mAP 0.69435 ----
---- mAP 0.72765 ----
---- mAP 0.70943 ----
---- mAP 0.77870 ----
---- mAP 0.71551 ----
---- mAP 0.75526 ----
---- mAP 0.71919 ----
---- mAP 0.75715 ----
---- mAP 0.71093 ----
---- mAP 0.71931 ----
---- mAP 0.72182 ----
---- mAP 0.72104 ----
---- mAP 0.77403 ----
---- mAP 0.75569 ----
---- mAP 0.76355 ----
---- mAP 0.76741 ----
---- mAP 0.76963 ----
---- mAP 0.80402 ----
---- mAP 0.74596 ----
---- mAP 0.75023 ----
---- mAP 0.73980 ----
---- mAP 0.70883 ----
---- mAP 0.72340 ----
---- mAP 0.68684 ----
---- mAP 0.70463 ----
---- mAP 0.76658 ----
---- mAP 0.74615 ----
---- mAP 0.75255 ----
---- mAP 0.68666 ----
---- mAP 0.70255 ----
---- mAP 0.66850 ----
---- mAP 0.68872 ----
---- mAP 0.74256 ----
---- mAP 0.71629 ----
---- mAP 0.69093 ----
---- mAP 0.77210 ----
---- mAP 0.75587 ----
---- mAP 0.71936 ----
---- mAP 0.70118 ----
---- mAP 0.75884 ----
---- mAP 0.73020 ----
---- mAP 0.71414 ----
---- mAP 0.75224 ----
---- mAP 0.72779 ----
---- mAP 0.70001 ----
---- mAP 0.75742 ----
---- mAP 0.74645 ----
---- mAP 0.72460 ----
---- mAP 0.79913 ----
---- mAP 0.71799 ----
---- mAP 0.79093 ----
---- mAP 0.72937 ----
---- mAP 0.71862 ----
---- mAP 0.73650 ----
---- mAP 0.72756 ----
---- mAP 0.71665 ----
---- mAP 0.76227 ----
---- mAP 0.76037 ----
---- mAP 0.75123 ----
---- mAP 0.78008 ----
---- mAP 0.71833 ----
---- mAP 0.75170 ----
---- mAP 0.71855 ----
---- mAP 0.71015 ----
---- mAP 0.73211 ----
---- mAP 0.75633 ----
---- mAP 0.67393 ----
---- mAP 0.72383 ----
---- mAP 0.73859 ----
---- mAP 0.75656 ----
---- mAP 0.74287 ----
---- mAP 0.74002 ----
---- mAP 0.71959 ----
---- mAP 0.74478 ----
---- mAP 0.72415 ----
---- mAP 0.68174 ----
---- mAP 0.71378 ----
---- mAP 0.73221 ----
---- mAP 0.71992 ----
---- mAP 0.72575 ----
---- mAP 0.71330 ----
---- mAP 0.72191 ----
---- mAP 0.67454 ----
---- mAP 0.69653 ----
---- mAP 0.71323 ----
---- mAP 0.71666 ----
---- mAP 0.73750 ----
---- mAP 0.74416 ----
---- mAP 0.71717 ----
---- mAP 0.72956 ----
---- mAP 0.72464 ----
---- mAP 0.72096 ----
---- mAP 0.72675 ----
---- mAP 0.76623 ----
---- mAP 0.71898 ----
---- mAP 0.72771 ----
---- mAP 0.71542 ----
---- mAP 0.72427 ----
---- mAP 0.72990 ----
---- mAP 0.73421 ----
---- mAP 0.73501 ----
---- mAP 0.71217 ----
---- mAP 0.73082 ----
---- mAP 0.73553 ----
---- mAP 0.72315 ----
---- mAP 0.72343 ----
---- mAP 0.67914 ----
---- mAP 0.73561 ----
---- mAP 0.74237 ----
---- mAP 0.71519 ----
---- mAP 0.75292 ----
---- mAP 0.71744 ----
---- mAP 0.68532 ----
---- mAP 0.68342 ----
---- mAP 0.63771 ----
---- mAP 0.67242 ----
---- mAP 0.72686 ----
---- mAP 0.72520 ----
---- mAP 0.73307 ----
---- mAP 0.72482 ----
---- mAP 0.72551 ----
---- mAP 0.71182 ----
---- mAP 0.69973 ----
---- mAP 0.72896 ----
---- mAP 0.73307 ----
---- mAP 0.70993 ----
---- mAP 0.71452 ----
---- mAP 0.70482 ----
---- mAP 0.66281 ----
---- mAP 0.67975 ----
---- mAP 0.72051 ----
---- mAP 0.74633 ----
---- mAP 0.68474 ----
---- mAP 0.75598 ----
---- mAP 0.66376 ----
---- mAP 0.73722 ----
---- mAP 0.74310 ----
---- mAP 0.71901 ----
---- mAP 0.67106 ----
---- mAP 0.72225 ----
---- mAP 0.68261 ----
---- mAP 0.72786 ----
---- mAP 0.75556 ----
---- mAP 0.72943 ----
---- mAP 0.71217 ----
---- mAP 0.70211 ----
---- mAP 0.71823 ----
---- mAP 0.64618 ----
---- mAP 0.71777 ----
---- mAP 0.72431 ----
---- mAP 0.73392 ----
---- mAP 0.72838 ----
---- mAP 0.73416 ----
---- mAP 0.73194 ----
---- mAP 0.75175 ----
---- mAP 0.66519 ----
---- mAP 0.67178 ----
---- mAP 0.64645 ----
---- mAP 0.73767 ----
---- mAP 0.63672 ----
---- mAP 0.74037 ----
---- mAP 0.72604 ----
---- mAP 0.71752 ----
---- mAP 0.72127 ----
---- mAP 0.66726 ----
---- mAP 0.73287 ----
---- mAP 0.72220 ----
---- mAP 0.71863 ----
---- mAP 0.72128 ----
---- mAP 0.72521 ----
---- mAP 0.75471 ----
---- mAP 0.75777 ----
---- mAP 0.72330 ----
---- mAP 0.71501 ----
---- mAP 0.78313 ----
---- mAP 0.71485 ----
---- mAP 0.73428 ----
---- mAP 0.73542 ----
---- mAP 0.72804 ----
---- mAP 0.72498 ----
---- mAP 0.71894 ----
---- mAP 0.71917 ----
---- mAP 0.73510 ----
---- mAP 0.71342 ----
---- mAP 0.72137 ----
---- mAP 0.71791 ----
---- mAP 0.74218 ----
---- mAP 0.73040 ----
---- mAP 0.66998 ----
---- mAP 0.71756 ----
---- mAP 0.72975 ----
---- mAP 0.68017 ----
---- mAP 0.67822 ----
---- mAP 0.75522 ----
---- mAP 0.67590 ----
---- mAP 0.72977 ----
---- mAP 0.69293 ----
---- mAP 0.67634 ----
---- mAP 0.72031 ----
---- mAP 0.73581 ----
---- mAP 0.74153 ----
---- mAP 0.70858 ----
---- mAP 0.66396 ----
---- mAP 0.71059 ----
---- mAP 0.73223 ----
---- mAP 0.67253 ----
---- mAP 0.69901 ----
---- mAP 0.71942 ----
---- mAP 0.66573 ----
---- mAP 0.69347 ----
---- mAP 0.75523 ----
---- mAP 0.72507 ----
---- mAP 0.74924 ----
---- mAP 0.71875 ----
---- mAP 0.67628 ----
---- mAP 0.67500 ----
---- mAP 0.71629 ----
---- mAP 0.67107 ----
---- mAP 0.69905 ----
---- mAP 0.73211 ----
---- mAP 0.70444 ----
---- mAP 0.69815 ----
---- mAP 0.72978 ----
---- mAP 0.71564 ----
---- mAP 0.70194 ----
---- mAP 0.75442 ----
---- mAP 0.72442 ----
---- mAP 0.67503 ----
---- mAP 0.68689 ----
---- mAP 0.68806 ----
---- mAP 0.67790 ----
---- mAP 0.66005 ----
---- mAP 0.71222 ----
---- mAP 0.67244 ----
---- mAP 0.72592 ----
---- mAP 0.73575 ----
---- mAP 0.72704 ----
---- mAP 0.72824 ----
---- mAP 0.68942 ----
---- mAP 0.76442 ----
---- mAP 0.72367 ----
---- mAP 0.73474 ----
---- mAP 0.72821 ----
---- mAP 0.72852 ----
---- mAP 0.76539 ----
---- mAP 0.76883 ----
---- mAP 0.72095 ----
---- mAP 0.72590 ----
---- mAP 0.72290 ----
---- mAP 0.76530 ----
---- mAP 0.73400 ----
---- mAP 0.76393 ----
---- mAP 0.74602 ----
---- mAP 0.70021 ----
---- mAP 0.76737 ----
---- mAP 0.75324 ----
---- mAP 0.76097 ----
---- mAP 0.72457 ----
---- mAP 0.71779 ----
---- mAP 0.68324 ----
---- mAP 0.74374 ----
---- mAP 0.71784 ----
---- mAP 0.73751 ----
---- mAP 0.75899 ----
---- mAP 0.74215 ----
---- mAP 0.72177 ----
---- mAP 0.72572 ----
---- mAP 0.72946 ----
---- mAP 0.73968 ----
---- mAP 0.76568 ----
---- mAP 0.72569 ----
---- mAP 0.72514 ----
---- mAP 0.72593 ----
---- mAP 0.71764 ----
---- mAP 0.72932 ----
---- mAP 0.73131 ----
---- mAP 0.74423 ----
---- mAP 0.76468 ----
---- mAP 0.73652 ----
---- mAP 0.68176 ----
---- mAP 0.72581 ----
---- mAP 0.73050 ----
---- mAP 0.66845 ----
---- mAP 0.72360 ----
---- mAP 0.66495 ----
---- mAP 0.66890 ----
---- mAP 0.72281 ----
---- mAP 0.67368 ----
---- mAP 0.66876 ----
---- mAP 0.72656 ----
---- mAP 0.68990 ----
---- mAP 0.71397 ----
---- mAP 0.72858 ----
---- mAP 0.71435 ----
---- mAP 0.72319 ----
---- mAP 0.68899 ----
---- mAP 0.71071 ----
---- mAP 0.73331 ----
---- mAP 0.72495 ----
---- mAP 0.73109 ----
---- mAP 0.76253 ----
---- mAP 0.73821 ----
---- mAP 0.71597 ----
---- mAP 0.72674 ----
---- mAP 0.72316 ----
---- mAP 0.72591 ----
---- mAP 0.72228 ----
---- mAP 0.72045 ----
---- mAP 0.73433 ----
---- mAP 0.73246 ----
---- mAP 0.71872 ----
---- mAP 0.71961 ----
---- mAP 0.73966 ----
---- mAP 0.70966 ----
---- mAP 0.66971 ----
---- mAP 0.70797 ----
---- mAP 0.69425 ----
---- mAP 0.72594 ----
---- mAP 0.73143 ----
---- mAP 0.72364 ----
---- mAP 0.72940 ----
---- mAP 0.70700 ----
---- mAP 0.72175 ----
---- mAP 0.71353 ----
---- mAP 0.73129 ----
---- mAP 0.73199 ----
---- mAP 0.67022 ----
---- mAP 0.71801 ----
---- mAP 0.73007 ----
---- mAP 0.72806 ----
---- mAP 0.71611 ----
---- mAP 0.70110 ----
---- mAP 0.72139 ----
---- mAP 0.69107 ----
---- mAP 0.65154 ----
---- mAP 0.68275 ----
---- mAP 0.72212 ----
---- mAP 0.67506 ----
---- mAP 0.69507 ----
---- mAP 0.72837 ----
---- mAP 0.76249 ----
---- mAP 0.69516 ----
---- mAP 0.69232 ----
---- mAP 0.66551 ----
---- mAP 0.72158 ----
---- mAP 0.72726 ----
---- mAP 0.75554 ----
---- mAP 0.76076 ----
---- mAP 0.72953 ----
---- mAP 0.71374 ----
---- mAP 0.72866 ----
---- mAP 0.72769 ----
---- mAP 0.71090 ----
---- mAP 0.75254 ----
---- mAP 0.71496 ----
---- mAP 0.72323 ----
---- mAP 0.74599 ----
---- mAP 0.74382 ----
---- mAP 0.73062 ----
---- mAP 0.73503 ----
---- mAP 0.73896 ----
---- mAP 0.74127 ----
---- mAP 0.66224 ----
---- mAP 0.72770 ----
---- mAP 0.70935 ----
---- mAP 0.75686 ----
---- mAP 0.74442 ----
---- mAP 0.68125 ----
---- mAP 0.68397 ----
---- mAP 0.66981 ----
---- mAP 0.72149 ----
---- mAP 0.65721 ----
---- mAP 0.69277 ----
---- mAP 0.72133 ----
---- mAP 0.68478 ----
---- mAP 0.75093 ----
---- mAP 0.72666 ----
---- mAP 0.66062 ----
---- mAP 0.70511 ----
---- mAP 0.69334 ----
---- mAP 0.65590 ----
---- mAP 0.71053 ----
---- mAP 0.68677 ----
---- mAP 0.69219 ----
---- mAP 0.66773 ----
---- mAP 0.74749 ----
---- mAP 0.75090 ----
---- mAP 0.70379 ----
---- mAP 0.67159 ----
---- mAP 0.69912 ----
---- mAP 0.71274 ----
---- mAP 0.71459 ----
---- mAP 0.72771 ----
---- mAP 0.72601 ----
---- mAP 0.70381 ----
---- mAP 0.75068 ----
---- mAP 0.71240 ----
---- mAP 0.72935 ----
---- mAP 0.71637 ----
---- mAP 0.73693 ----
---- mAP 0.73606 ----
---- mAP 0.75955 ----
---- mAP 0.72787 ----
---- mAP 0.73925 ----
---- mAP 0.70660 ----
---- mAP 0.72676 ----
---- mAP 0.76561 ----
---- mAP 0.75401 ----
---- mAP 0.73422 ----
---- mAP 0.72857 ----
---- mAP 0.72500 ----
---- mAP 0.73569 ----
---- mAP 0.72293 ----
---- mAP 0.76911 ----
---- mAP 0.71724 ----
---- mAP 0.71403 ----
---- mAP 0.70644 ----
---- mAP 0.71593 ----
---- mAP 0.72153 ----
---- mAP 0.73150 ----
---- mAP 0.67735 ----
---- mAP 0.72396 ----
---- mAP 0.73104 ----
---- mAP 0.70356 ----
---- mAP 0.76314 ----
---- mAP 0.76208 ----
---- mAP 0.77625 ----
---- mAP 0.73842 ----
---- mAP 0.74308 ----
---- mAP 0.72431 ----
---- mAP 0.71944 ----
---- mAP 0.73568 ----
---- mAP 0.73404 ----
---- mAP 0.74533 ----
---- mAP 0.66347 ----
---- mAP 0.73667 ----
---- mAP 0.73433 ----
---- mAP 0.73854 ----
---- mAP 0.72506 ----
---- mAP 0.74058 ----
---- mAP 0.73341 ----
---- mAP 0.72712 ----
---- mAP 0.75078 ----
---- mAP 0.72910 ----
---- mAP 0.74153 ----
---- mAP 0.72684 ----
---- mAP 0.72573 ----
---- mAP 0.72954 ----
---- mAP 0.74770 ----
---- mAP 0.70840 ----
---- mAP 0.73874 ----
---- mAP 0.73257 ----
---- mAP 0.72906 ----
---- mAP 0.66735 ----
---- mAP 0.67127 ----
---- mAP 0.76209 ----
---- mAP 0.75952 ----
---- mAP 0.76526 ----
---- mAP 0.75878 ----
---- mAP 0.69858 ----
---- mAP 0.73041 ----
---- mAP 0.73399 ----
---- mAP 0.73079 ----
---- mAP 0.70655 ----
---- mAP 0.73702 ----
---- mAP 0.73598 ----
---- mAP 0.73786 ----
---- mAP 0.74364 ----
---- mAP 0.74473 ----
---- mAP 0.73313 ----
---- mAP 0.74615 ----
---- mAP 0.69233 ----
---- mAP 0.72631 ----
---- mAP 0.66705 ----
---- mAP 0.67679 ----
---- mAP 0.70188 ----
---- mAP 0.67201 ----
---- mAP 0.69501 ----
---- mAP 0.73875 ----
---- mAP 0.74155 ----
---- mAP 0.71751 ----
---- mAP 0.71743 ----
---- mAP 0.69878 ----
---- mAP 0.73845 ----
---- mAP 0.74407 ----
---- mAP 0.72045 ----
---- mAP 0.72959 ----
---- mAP 0.73116 ----
---- mAP 0.74884 ----
---- mAP 0.72904 ----
---- mAP 0.71789 ----
---- mAP 0.75917 ----
---- mAP 0.73168 ----
---- mAP 0.74194 ----
---- mAP 0.73816 ----
---- mAP 0.73990 ----
---- mAP 0.73090 ----
---- mAP 0.74565 ----
---- mAP 0.71238 ----
---- mAP 0.72270 ----
---- mAP 0.73432 ----
---- mAP 0.72336 ----
---- mAP 0.73944 ----
---- mAP 0.73261 ----
---- mAP 0.67066 ----
---- mAP 0.73302 ----
---- mAP 0.75760 ----
---- mAP 0.72330 ----
---- mAP 0.71825 ----
---- mAP 0.72841 ----
---- mAP 0.72043 ----
---- mAP 0.67625 ----
---- mAP 0.68661 ----
---- mAP 0.76132 ----
---- mAP 0.66292 ----
---- mAP 0.73658 ----
---- mAP 0.72498 ----
---- mAP 0.72960 ----
---- mAP 0.71725 ----
---- mAP 0.73286 ----
---- mAP 0.73213 ----
---- mAP 0.71957 ----
---- mAP 0.72009 ----
---- mAP 0.72574 ----
---- mAP 0.72455 ----
---- mAP 0.72511 ----
---- mAP 0.73261 ----
---- mAP 0.72656 ----
---- mAP 0.73808 ----
---- mAP 0.72589 ----
---- mAP 0.73453 ----
---- mAP 0.71880 ----
---- mAP 0.72910 ----
---- mAP 0.73084 ----
---- mAP 0.73662 ----
---- mAP 0.73711 ----
---- mAP 0.71975 ----
---- mAP 0.72068 ----
---- mAP 0.72535 ----
---- mAP 0.72850 ----
---- mAP 0.76737 ----
---- mAP 0.72262 ----
---- mAP 0.71744 ----
---- mAP 0.75918 ----
---- mAP 0.73155 ----
---- mAP 0.73292 ----
---- mAP 0.73959 ----
---- mAP 0.72812 ----
---- mAP 0.75236 ----
---- mAP 0.75254 ----
---- mAP 0.68225 ----
---- mAP 0.72887 ----
---- mAP 0.72928 ----
---- mAP 0.74410 ----
---- mAP 0.76640 ----
---- mAP 0.71132 ----
---- mAP 0.78558 ----
---- mAP 0.78425 ----
---- mAP 0.75134 ----
---- mAP 0.73855 ----
---- mAP 0.72837 ----
---- mAP 0.74018 ----
---- mAP 0.77285 ----
---- mAP 0.72502 ----
---- mAP 0.73467 ----
---- mAP 0.74325 ----
---- mAP 0.70040 ----
---- mAP 0.74743 ----
---- mAP 0.73447 ----
---- mAP 0.72923 ----
---- mAP 0.73378 ----
---- mAP 0.73604 ----
---- mAP 0.73222 ----
---- mAP 0.73515 ----
---- mAP 0.73782 ----
---- mAP 0.74238 ----
---- mAP 0.70247 ----
---- mAP 0.73714 ----
---- mAP 0.76927 ----
---- mAP 0.70911 ----
---- mAP 0.73570 ----
---- mAP 0.75788 ----
---- mAP 0.76624 ----
---- mAP 0.76056 ----
---- mAP 0.76818 ----
---- mAP 0.73878 ----
---- mAP 0.72751 ----
---- mAP 0.73373 ----
---- mAP 0.73265 ----
---- mAP 0.73806 ----
---- mAP 0.72442 ----
---- mAP 0.72617 ----
---- mAP 0.72542 ----
---- mAP 0.69051 ----
---- mAP 0.73846 ----
---- mAP 0.66846 ----
---- mAP 0.68971 ----
---- mAP 0.75407 ----
---- mAP 0.73786 ----
---- mAP 0.76941 ----
---- mAP 0.77038 ----
---- mAP 0.69375 ----
---- mAP 0.73142 ----
---- mAP 0.76025 ----
---- mAP 0.66791 ----
---- mAP 0.75735 ----
---- mAP 0.75120 ----
---- mAP 0.70013 ----
---- mAP 0.70484 ----
---- mAP 0.71403 ----
---- mAP 0.75795 ----
---- mAP 0.78337 ----
---- mAP 0.77559 ----
---- mAP 0.76419 ----
---- mAP 0.72146 ----
---- mAP 0.73979 ----
---- mAP 0.75268 ----
---- mAP 0.75419 ----
---- mAP 0.70990 ----
---- mAP 0.71232 ----
---- mAP 0.73516 ----
---- mAP 0.73229 ----
---- mAP 0.75869 ----
---- mAP 0.68567 ----
---- mAP 0.66622 ----
---- mAP 0.73117 ----
---- mAP 0.73176 ----
---- mAP 0.75696 ----
---- mAP 0.77505 ----
---- mAP 0.72729 ----
---- mAP 0.75497 ----
---- mAP 0.75888 ----
---- mAP 0.73212 ----
---- mAP 0.73159 ----
---- mAP 0.77231 ----
---- mAP 0.74568 ----
---- mAP 0.75713 ----
---- mAP 0.75219 ----
---- mAP 0.73325 ----
---- mAP 0.76091 ----
---- mAP 0.77487 ----
---- mAP 0.71312 ----
---- mAP 0.74638 ----
---- mAP 0.71517 ----
---- mAP 0.72978 ----
---- mAP 0.69033 ----
---- mAP 0.72124 ----
---- mAP 0.75050 ----
---- mAP 0.68944 ----
---- mAP 0.68755 ----
---- mAP 0.71077 ----
---- mAP 0.70632 ----
---- mAP 0.76116 ----
---- mAP 0.72938 ----
---- mAP 0.75290 ----
---- mAP 0.76181 ----
---- mAP 0.77221 ----
---- mAP 0.73621 ----
---- mAP 0.76650 ----
---- mAP 0.72170 ----
---- mAP 0.76193 ----
---- mAP 0.73999 ----
---- mAP 0.74185 ----
---- mAP 0.74223 ----
---- mAP 0.70674 ----
---- mAP 0.71067 ----
---- mAP 0.69825 ----
---- mAP 0.69404 ----
---- mAP 0.70844 ----
---- mAP 0.75249 ----
---- mAP 0.75763 ----
---- mAP 0.75719 ----
---- mAP 0.71640 ----
---- mAP 0.76475 ----
---- mAP 0.71414 ----
---- mAP 0.74173 ----
---- mAP 0.73180 ----
---- mAP 0.73035 ----
---- mAP 0.77652 ----
---- mAP 0.77213 ----
---- mAP 0.74023 ----
---- mAP 0.73602 ----
---- mAP 0.72028 ----
---- mAP 0.77000 ----
---- mAP 0.66988 ----
---- mAP 0.76881 ----
---- mAP 0.77051 ----
---- mAP 0.68852 ----
---- mAP 0.76870 ----
---- mAP 0.74463 ----
---- mAP 0.77913 ----
---- mAP 0.69141 ----
---- mAP 0.67561 ----
---- mAP 0.67447 ----
---- mAP 0.69967 ----
---- mAP 0.69345 ----
---- mAP 0.68022 ----
---- mAP 0.72082 ----
---- mAP 0.75677 ----
---- mAP 0.77002 ----
---- mAP 0.73913 ----
---- mAP 0.71539 ----
---- mAP 0.70033 ----
---- mAP 0.74235 ----
---- mAP 0.68378 ----
---- mAP 0.74174 ----
---- mAP 0.74045 ----
---- mAP 0.76161 ----
---- mAP 0.73788 ----
---- mAP 0.76666 ----
---- mAP 0.73814 ----
---- mAP 0.68918 ----
---- mAP 0.75490 ----
---- mAP 0.77259 ----
---- mAP 0.73450 ----
---- mAP 0.75061 ----
---- mAP 0.73768 ----
---- mAP 0.73421 ----
---- mAP 0.75706 ----
---- mAP 0.72166 ----
---- mAP 0.73664 ----
---- mAP 0.70868 ----
---- mAP 0.76542 ----
---- mAP 0.70514 ----
---- mAP 0.76477 ----
---- mAP 0.75466 ----
---- mAP 0.76237 ----
---- mAP 0.73715 ----
---- mAP 0.75443 ----
---- mAP 0.72088 ----
---- mAP 0.73571 ----
---- mAP 0.73620 ----
---- mAP 0.73222 ----
---- mAP 0.76114 ----
---- mAP 0.73722 ----
---- mAP 0.74578 ----
---- mAP 0.73756 ----
---- mAP 0.70472 ----
---- mAP 0.68041 ----
---- mAP 0.77928 ----
---- mAP 0.71571 ----
---- mAP 0.69763 ----
---- mAP 0.71792 ----
---- mAP 0.75415 ----
---- mAP 0.74540 ----
---- mAP 0.73444 ----
---- mAP 0.77534 ----
---- mAP 0.73729 ----
---- mAP 0.69754 ----
---- mAP 0.72720 ----
---- mAP 0.73167 ----
---- mAP 0.72860 ----
---- mAP 0.67236 ----
---- mAP 0.68433 ----
---- mAP 0.76911 ----
---- mAP 0.73158 ----
---- mAP 0.75532 ----
---- mAP 0.72654 ----
---- mAP 0.71161 ----
---- mAP 0.70489 ----
---- mAP 0.72576 ----
---- mAP 0.69423 ----
---- mAP 0.65963 ----
---- mAP 0.67142 ----
---- mAP 0.66881 ----
---- mAP 0.73702 ----
---- mAP 0.72128 ----
